\BOOKMARK [0][-]{chapter.1}{General introduction}{}% 1
\BOOKMARK [1][-]{section.1.1}{Sensory signals for navigation}{chapter.1}% 2
\BOOKMARK [2][-]{subsection.1.1.1}{Vestibular}{section.1.1}% 3
\BOOKMARK [2][-]{subsection.1.1.2}{Somatosensory}{section.1.1}% 4
\BOOKMARK [2][-]{subsection.1.1.3}{Visual}{section.1.1}% 5
\BOOKMARK [1][-]{section.1.2}{Vestibular reflexes for the self-motion compensation}{chapter.1}% 6
\BOOKMARK [1][-]{section.1.3}{Multisensory integration}{chapter.1}% 7
\BOOKMARK [1][-]{section.1.4}{Studying the link between sensory signals and perception}{chapter.1}% 8
\BOOKMARK [2][-]{subsection.1.4.1}{Body-tilt perception}{section.1.4}% 9
\BOOKMARK [2][-]{subsection.1.4.2}{Visual vertical perception}{section.1.4}% 10
\BOOKMARK [2][-]{subsection.1.4.3}{Translation perception}{section.1.4}% 11
\BOOKMARK [1][-]{section.1.5}{Outline of this thesis}{chapter.1}% 12
\BOOKMARK [0][-]{chapter.2}{Multisensory processing in spatial orientation:An inverse probabilistic approach}{}% 13
\BOOKMARK [1][-]{section.2.1}{Introduction}{chapter.2}% 14
\BOOKMARK [1][-]{section.2.2}{Materials and Methods}{chapter.2}% 15
\BOOKMARK [2][-]{subsection.2.2.1}{Subjects}{section.2.2}% 16
\BOOKMARK [2][-]{subsection.2.2.2}{Setup}{section.2.2}% 17
\BOOKMARK [2][-]{subsection.2.2.3}{Experiments}{section.2.2}% 18
\BOOKMARK [2][-]{subsection.2.2.4}{Data analysis}{section.2.2}% 19
\BOOKMARK [2][-]{subsection.2.2.5}{Sensory integration model}{section.2.2}% 20
\BOOKMARK [2][-]{subsection.2.2.6}{Model fitting}{section.2.2}% 21
\BOOKMARK [2][-]{subsection.2.2.7}{Model evaluation}{section.2.2}% 22
\BOOKMARK [2][-]{subsection.2.2.8}{Model validation: independent test of neck noise}{section.2.2}% 23
\BOOKMARK [2][-]{subsection.2.2.9}{Model simulation of patient data}{section.2.2}% 24
\BOOKMARK [1][-]{section.2.3}{Results}{chapter.2}% 25
\BOOKMARK [2][-]{subsection.2.3.1}{Psychometric results}{section.2.3}% 26
\BOOKMARK [2][-]{subsection.2.3.2}{Model predictions}{section.2.3}% 27
\BOOKMARK [2][-]{subsection.2.3.3}{Sensory weights}{section.2.3}% 28
\BOOKMARK [2][-]{subsection.2.3.4}{Model evaluation}{section.2.3}% 29
\BOOKMARK [2][-]{subsection.2.3.5}{Model validation}{section.2.3}% 30
\BOOKMARK [1][-]{section.2.4}{Discussion}{chapter.2}% 31
\BOOKMARK [2][-]{subsection.2.4.1}{Comparison with previous work}{section.2.4}% 32
\BOOKMARK [2][-]{subsection.2.4.2}{Implications of the model}{section.2.4}% 33
\BOOKMARK [2][-]{subsection.2.4.3}{Model evaluation}{section.2.4}% 34
\BOOKMARK [2][-]{subsection.2.4.4}{Clinical implications}{section.2.4}% 35
\BOOKMARK [1][-]{section.2.5}{Appendix}{chapter.2}% 36
\BOOKMARK [0][-]{chapter.3}{Integration of ocular and vestibular signals for self-motion perception in darkness}{}% 37
\BOOKMARK [1][-]{section.3.1}{Introduction}{chapter.3}% 38
\BOOKMARK [1][-]{section.3.2}{Materials and methods}{chapter.3}% 39
\BOOKMARK [2][-]{subsection.3.2.1}{Participants}{section.3.2}% 40
\BOOKMARK [2][-]{subsection.3.2.2}{Experimental setup}{section.3.2}% 41
\BOOKMARK [2][-]{subsection.3.2.3}{Paradigm}{section.3.2}% 42
\BOOKMARK [2][-]{subsection.3.2.4}{Data analysis}{section.3.2}% 43
\BOOKMARK [1][-]{section.3.3}{Results}{chapter.3}% 44
\BOOKMARK [2][-]{subsection.3.3.1}{Eye movement contributions to self-motion perception}{section.3.3}% 45
\BOOKMARK [2][-]{subsection.3.3.2}{Precision depends on PSE}{section.3.3}% 46
\BOOKMARK [1][-]{section.3.4}{Discussion}{chapter.3}% 47
\BOOKMARK [2][-]{subsection.3.4.1}{Alternative interpretations}{section.3.4}% 48
\BOOKMARK [2][-]{subsection.3.4.2}{Implications for other studies}{section.3.4}% 49
\BOOKMARK [2][-]{subsection.3.4.3}{Possible neural substrate}{section.3.4}% 50
\BOOKMARK [0][-]{chapter.4}{Translation perception is modulated by eye movements that are partially scaled by fixation depth}{}% 51
\BOOKMARK [1][-]{section.4.1}{Introduction}{chapter.4}% 52
\BOOKMARK [1][-]{section.4.2}{Materials and methods}{chapter.4}% 53
\BOOKMARK [2][-]{subsection.4.2.1}{Participants}{section.4.2}% 54
\BOOKMARK [2][-]{subsection.4.2.2}{Experimental setup}{section.4.2}% 55
\BOOKMARK [2][-]{subsection.4.2.3}{Paradigm}{section.4.2}% 56
\BOOKMARK [2][-]{subsection.4.2.4}{Data analysis}{section.4.2}% 57
\BOOKMARK [2][-]{subsection.4.2.5}{Model}{section.4.2}% 58
\BOOKMARK [1][-]{section.4.3}{Results}{chapter.4}% 59
\BOOKMARK [1][-]{section.4.4}{Discussion}{chapter.4}% 60
\BOOKMARK [2][-]{subsection.4.4.1}{Relation to other studies}{section.4.4}% 61
\BOOKMARK [2][-]{subsection.4.4.2}{Alternative explanations}{section.4.4}% 62
\BOOKMARK [0][-]{chapter.5}{Visual stability across combined eye and body motion}{}% 63
\BOOKMARK [1][-]{section.5.1}{Introduction}{chapter.5}% 64
\BOOKMARK [1][-]{section.5.2}{Methods}{chapter.5}% 65
\BOOKMARK [2][-]{subsection.5.2.1}{Participants}{section.5.2}% 66
\BOOKMARK [2][-]{subsection.5.2.2}{Setup}{section.5.2}% 67
\BOOKMARK [2][-]{subsection.5.2.3}{Visual stimuli}{section.5.2}% 68
\BOOKMARK [2][-]{subsection.5.2.4}{Paradigm}{section.5.2}% 69
\BOOKMARK [2][-]{subsection.5.2.5}{Data analysis}{section.5.2}% 70
\BOOKMARK [2][-]{subsection.5.2.6}{Model}{section.5.2}% 71
\BOOKMARK [1][-]{section.5.3}{Results}{chapter.5}% 72
\BOOKMARK [1][-]{section.5.4}{Discussion}{chapter.5}% 73
\BOOKMARK [2][-]{subsection.5.4.1}{Relation to previous studies}{section.5.4}% 74
\BOOKMARK [2][-]{subsection.5.4.2}{Modelling implications}{section.5.4}% 75
\BOOKMARK [0][-]{chapter.6}{Summary and discussion}{}% 76
\BOOKMARK [1][-]{section.6.1}{Multisensory processing in spatial orientation}{chapter.6}% 77
\BOOKMARK [1][-]{section.6.2}{Eye movements influence self-motion perception}{chapter.6}% 78
\BOOKMARK [1][-]{section.6.3}{Partial compensation for fixation depth in self-motion perception}{chapter.6}% 79
\BOOKMARK [1][-]{section.6.4}{Gaze-dependent effects in spatial updating}{chapter.6}% 80
\BOOKMARK [1][-]{section.6.5}{Concluding remarks}{chapter.6}% 81
\BOOKMARK [0][-]{chapter*.41}{Bibliography}{}% 82
\BOOKMARK [0][-]{section*.43}{Nederlandse samenvatting}{}% 83
\BOOKMARK [0][-]{section*.45}{Curriculum vitae}{}% 84
\BOOKMARK [0][-]{section*.47}{List of publications}{}% 85
\BOOKMARK [0][-]{section*.49}{Acknowledgments}{}% 86
\BOOKMARK [0][-]{section*.51}{Donders Series}{}% 87
